[debug] ----------------------------------------------------------------------
[debug] Command:      /usr/local/bin/node /usr/local/bin/firebase serve
[debug] CLI Version:  3.9.0
[debug] Platform:     darwin
[debug] Node Version: v7.5.0
[debug] Time:         Fri Jun 16 2017 09:41:22 GMT+0200 (CEST)
[debug] ----------------------------------------------------------------------
[debug] 
[debug] > command requires scopes: ["email","openid","https://www.googleapis.com/auth/cloudplatformprojects.readonly","https://www.googleapis.com/auth/firebase","https://www.googleapis.com/auth/cloud-platform"]
[debug] > refreshing access token with scopes: ["email","https://www.googleapis.com/auth/cloud-platform","https://www.googleapis.com/auth/cloudplatformprojects.readonly","https://www.googleapis.com/auth/firebase","openid"]
[debug] >>> HTTP REQUEST POST https://www.googleapis.com/oauth2/v3/token { refresh_token: '1/ThygNYLI79aNeVVNvjUSGCmUc4dPQ706Ie-HqZncjvM',
  client_id: '563584335869-fgrhgmd47bqnekij5i8b5pr03ho849e6.apps.googleusercontent.com',
  client_secret: 'j9iVZfS8kkCEFUPaAeJV0sAi',
  grant_type: 'refresh_token',
  scope: 'email https://www.googleapis.com/auth/cloud-platform https://www.googleapis.com/auth/cloudplatformprojects.readonly https://www.googleapis.com/auth/firebase openid' } 
 Fri Jun 16 2017 09:41:22 GMT+0200 (CEST)
[debug] <<< HTTP RESPONSE 200
[debug] >>> HTTP REQUEST GET https://admin.firebase.com/v1/projects/bow-sfeir  
 Fri Jun 16 2017 09:41:22 GMT+0200 (CEST)
[debug] <<< HTTP RESPONSE 200
[debug] >>> HTTP REQUEST GET https://admin.firebase.com/v1/database/bow-sfeir/tokens  
 Fri Jun 16 2017 09:41:23 GMT+0200 (CEST)
[debug] <<< HTTP RESPONSE 200
[info] 
[info] === Serving from '/Users/fabienzibi/Documents/repo/cast-roulette/receiver'...
[info] 
[debug] >>> HTTP REQUEST GET https://cloudresourcemanager.googleapis.com/v1/projects/bow-sfeir  
 Fri Jun 16 2017 09:41:24 GMT+0200 (CEST)
[debug] <<< HTTP RESPONSE 200
[debug] >>> HTTP REQUEST GET https://mobilesdk-pa.googleapis.com/v1/projects/663333961962/clients/_:getWebAppConfig  
 Fri Jun 16 2017 09:41:25 GMT+0200 (CEST)
[debug] <<< HTTP RESPONSE 200
[info] i  hosting: Serving hosting files from: public
[info] ✔  hosting: Local server: http://localhost:5000

